# JRE version: OpenJDK Runtime Environment (8.0_152-b28) (build 1.8.0_152-release-1343-b28)
# Java VM: OpenJDK 64-Bit Server VM (25.152-b28 mixed mode linux-amd64 compressed oops)
Heap:
 par new generation   total 39296K, used 21723K [0x00000000d1200000, 0x00000000d3ca0000, 0x00000000db860000)
  eden space 34944K,  49% used [0x00000000d1200000, 0x00000000d22f6f40, 0x00000000d3420000)
  from space 4352K, 100% used [0x00000000d3420000, 0x00000000d3860000, 0x00000000d3860000)
  to   space 4352K,   0% used [0x00000000d3860000, 0x00000000d3860000, 0x00000000d3ca0000)
 concurrent mark-sweep generation total 87424K, used 77876K [0x00000000db860000, 0x00000000e0dc0000, 0x0000000100000000)
 Metaspace       used 116583K, capacity 121527K, committed 121560K, reserved 1155072K
  class space    used 14946K, capacity 15862K, committed 15864K, reserved 1048576K
GC Heap History (10 events):
Event: 52.226 GC heap before
{Heap before GC invocations=19 (full 3):
 par new generation   total 39296K, used 36107K [0x00000000d1200000, 0x00000000d3ca0000, 0x00000000db860000)
  eden space 34944K,  90% used [0x00000000d1200000, 0x00000000d3102fb8, 0x00000000d3420000)
  from space 4352K, 100% used [0x00000000d3860000, 0x00000000d3ca0000, 0x00000000d3ca0000)
  to   space 4352K,   0% used [0x00000000d3420000, 0x00000000d3420000, 0x00000000d3860000)
 concurrent mark-sweep generation total 87424K, used 59412K [0x00000000db860000, 0x00000000e0dc0000, 0x0000000100000000)
 Metaspace       used 109855K, capacity 114651K, committed 114904K, reserved 1148928K
  class space    used 14126K, capacity 15010K, committed 15096K, reserved 1048576K
Event: 52.238 GC heap after
Heap after GC invocations=20 (full 3):
 par new generation   total 39296K, used 3826K [0x00000000d1200000, 0x00000000d3ca0000, 0x00000000db860000)
  eden space 34944K,   0% used [0x00000000d1200000, 0x00000000d1200000, 0x00000000d3420000)
  from space 4352K,  87% used [0x00000000d3420000, 0x00000000d37dcbe8, 0x00000000d3860000)
  to   space 4352K,   0% used [0x00000000d3860000, 0x00000000d3860000, 0x00000000d3ca0000)
 concurrent mark-sweep generation total 87424K, used 67024K [0x00000000db860000, 0x00000000e0dc0000, 0x0000000100000000)
 Metaspace       used 109855K, capacity 114651K, committed 114904K, reserved 1148928K
  class space    used 14126K, capacity 15010K, committed 15096K, reserved 1048576K
}
Event: 52.712 GC heap before
{Heap before GC invocations=20 (full 3):
 par new generation   total 39296K, used 38482K [0x00000000d1200000, 0x00000000d3ca0000, 0x00000000db860000)
  eden space 34944K,  99% used [0x00000000d1200000, 0x00000000d33d7fd0, 0x00000000d3420000)
  from space 4352K,  87% used [0x00000000d3420000, 0x00000000d37dcbe8, 0x00000000d3860000)
  to   space 4352K,   0% used [0x00000000d3860000, 0x00000000d3860000, 0x00000000d3ca0000)
 concurrent mark-sweep generation total 87424K, used 67024K [0x00000000db860000, 0x00000000e0dc0000, 0x0000000100000000)
 Metaspace       used 110110K, capacity 114851K, committed 115160K, reserved 1148928K
  class space    used 14134K, capacity 15012K, committed 15096K, reserved 1048576K
Event: 52.725 GC heap after
Heap after GC invocations=21 (full 3):
 par new generation   total 39296K, used 3225K [0x00000000d1200000, 0x00000000d3ca0000, 0x00000000db860000)
  eden space 34944K,   0% used [0x00000000d1200000, 0x00000000d1200000, 0x00000000d3420000)
  from space 4352K,  74% used [0x00000000d3860000, 0x00000000d3b864d0, 0x00000000d3ca0000)
  to   space 4352K,   0% used [0x00000000d3420000, 0x00000000d3420000, 0x00000000d3860000)
 concurrent mark-sweep generation total 87424K, used 67024K [0x00000000db860000, 0x00000000e0dc0000, 0x0000000100000000)
 Metaspace       used 110110K, capacity 114851K, committed 115160K, reserved 1148928K
  class space    used 14134K, capacity 15012K, committed 15096K, reserved 1048576K
}
Event: 53.399 GC heap before
{Heap before GC invocations=21 (full 3):
 par new generation   total 39296K, used 38169K [0x00000000d1200000, 0x00000000d3ca0000, 0x00000000db860000)
  eden space 34944K, 100% used [0x00000000d1200000, 0x00000000d3420000, 0x00000000d3420000)
  from space 4352K,  74% used [0x00000000d3860000, 0x00000000d3b864d0, 0x00000000d3ca0000)
  to   space 4352K,   0% used [0x00000000d3420000, 0x00000000d3420000, 0x00000000d3860000)
 concurrent mark-sweep generation total 87424K, used 67024K [0x00000000db860000, 0x00000000e0dc0000, 0x0000000100000000)
 Metaspace       used 110175K, capacity 114991K, committed 115160K, reserved 1148928K
  class space    used 14135K, capacity 15014K, committed 15096K, reserved 1048576K
Event: 53.423 GC heap after
Heap after GC invocations=22 (full 3):
 par new generation   total 39296K, used 2659K [0x00000000d1200000, 0x00000000d3ca0000, 0x00000000db860000)
  eden space 34944K,   0% used [0x00000000d1200000, 0x00000000d1200000, 0x00000000d3420000)
  from space 4352K,  61% used [0x00000000d3420000, 0x00000000d36b8fd0, 0x00000000d3860000)
  to   space 4352K,   0% used [0x00000000d3860000, 0x00000000d3860000, 0x00000000d3ca0000)
 concurrent mark-sweep generation total 87424K, used 68406K [0x00000000db860000, 0x00000000e0dc0000, 0x0000000100000000)
 Metaspace       used 110175K, capacity 114991K, committed 115160K, reserved 1148928K
  class space    used 14135K, capacity 15014K, committed 15096K, reserved 1048576K
}
Event: 60.271 GC heap before
{Heap before GC invocations=22 (full 3):
 par new generation   total 39296K, used 37603K [0x00000000d1200000, 0x00000000d3ca0000, 0x00000000db860000)
  eden space 34944K, 100% used [0x00000000d1200000, 0x00000000d3420000, 0x00000000d3420000)
  from space 4352K,  61% used [0x00000000d3420000, 0x00000000d36b8fd0, 0x00000000d3860000)
  to   space 4352K,   0% used [0x00000000d3860000, 0x00000000d3860000, 0x00000000d3ca0000)
 concurrent mark-sweep generation total 87424K, used 68406K [0x00000000db860000, 0x00000000e0dc0000, 0x0000000100000000)
 Metaspace       used 112442K, capacity 117315K, committed 117464K, reserved 1150976K
  class space    used 14425K, capacity 15330K, committed 15352K, reserved 1048576K
Event: 60.281 GC heap after
Heap after GC invocations=23 (full 3):
 par new generation   total 39296K, used 4352K [0x00000000d1200000, 0x00000000d3ca0000, 0x00000000db860000)
  eden space 34944K,   0% used [0x00000000d1200000, 0x00000000d1200000, 0x00000000d3420000)
  from space 4352K, 100% used [0x00000000d3860000, 0x00000000d3ca0000, 0x00000000d3ca0000)
  to   space 4352K,   0% used [0x00000000d3420000, 0x00000000d3420000, 0x00000000d3860000)
 concurrent mark-sweep generation total 87424K, used 70085K [0x00000000db860000, 0x00000000e0dc0000, 0x0000000100000000)
 Metaspace       used 112442K, capacity 117315K, committed 117464K, reserved 1150976K
  class space    used 14425K, capacity 15330K, committed 15352K, reserved 1048576K
}
Event: 62.064 GC heap before
{Heap before GC invocations=23 (full 3):
 par new generation   total 39296K, used 39296K [0x00000000d1200000, 0x00000000d3ca0000, 0x00000000db860000)
  eden space 34944K, 100% used [0x00000000d1200000, 0x00000000d3420000, 0x00000000d3420000)
  from space 4352K, 100% used [0x00000000d3860000, 0x00000000d3ca0000, 0x00000000d3ca0000)
  to   space 4352K,   0% used [0x00000000d3420000, 0x00000000d3420000, 0x00000000d3860000)
 concurrent mark-sweep generation total 87424K, used 70085K [0x00000000db860000, 0x00000000e0dc0000, 0x0000000100000000)
 Metaspace       used 116320K, capacity 121185K, committed 121304K, reserved 1155072K
  class space    used 14930K, capacity 15821K, committed 15864K, reserved 1048576K
Event: 62.096 GC heap after
Heap after GC invocations=24 (full 3):
 par new generation   total 39296K, used 4352K [0x00000000d1200000, 0x00000000d3ca0000, 0x00000000db860000)
  eden space 34944K,   0% used [0x00000000d1200000, 0x00000000d1200000, 0x00000000d3420000)
  from space 4352K, 100% used [0x00000000d3420000, 0x00000000d3860000, 0x00000000d3860000)
  to   space 4352K,   0% used [0x00000000d3860000, 0x00000000d3860000, 0x00000000d3ca0000)
 concurrent mark-sweep generation total 87424K, used 77876K [0x00000000db860000, 0x00000000e0dc0000, 0x0000000100000000)
 Metaspace       used 116320K, capacity 121185K, committed 121304K, reserved 1155072K
  class space    used 14930K, capacity 15821K, committed 15864K, reserved 1048576K
}

